Using pre-set license
Built from '2020.3/staging' branch; Version is '2020.3.17f1 (a4537701e4ab) revision 10769271'; Using compiler version '192528614'; Build Type 'Release'
OS: 'Windows 10 Home; OS build 19042.1237; Version 2009; 64bit' Language: 'en' Physical Memory: 16293 MB
BatchMode: 1, IsHumanControllingUs: 0, StartBugReporterOnCrash: 0, Is64bit: 1, IsPro: 0

COMMAND LINE ARGUMENTS:
C:\Program Files\Unity\Hub\Editor\2020.3.17f1\Editor\Unity.exe
-adb2
-batchMode
-noUpm
-name
AssetImportWorker0
-projectPath
C:/Users/Demon/OneDrive/Documents/GitHub/GAME3023_Lab2/GAME3023_LabExercise2
-logFile
Logs/AssetImportWorker0.log
-srvPort
63383
Successfully changed project path to: C:/Users/Demon/OneDrive/Documents/GitHub/GAME3023_Lab2/GAME3023_LabExercise2
C:/Users/Demon/OneDrive/Documents/GitHub/GAME3023_Lab2/GAME3023_LabExercise2
Using Asset Import Pipeline V2.
Refreshing native plugins compatible for Editor in 42.30 ms, found 3 plugins.
Preloading 0 native plugins for Editor in 0.00 ms.
Initialize engine version: 2020.3.17f1 (a4537701e4ab)
[Subsystems] Discovering subsystems at path C:/Program Files/Unity/Hub/Editor/2020.3.17f1/Editor/Data/Resources/UnitySubsystems
[Subsystems] Discovering subsystems at path C:/Users/Demon/OneDrive/Documents/GitHub/GAME3023_Lab2/GAME3023_LabExercise2/Assets
GfxDevice: creating device client; threaded=0
Direct3D:
    Version:  Direct3D 11.0 [level 11.1]
    Renderer: NVIDIA GeForce RTX 2070 SUPER (ID=0x1e84)
    Vendor:   
    VRAM:     8011 MB
    Driver:   30.0.14.7196
Initialize mono
Mono path[0] = 'C:/Program Files/Unity/Hub/Editor/2020.3.17f1/Editor/Data/Managed'
Mono path[1] = 'C:/Program Files/Unity/Hub/Editor/2020.3.17f1/Editor/Data/MonoBleedingEdge/lib/mono/unityjit'
Mono config path = 'C:/Program Files/Unity/Hub/Editor/2020.3.17f1/Editor/Data/MonoBleedingEdge/etc'
Using monoOptions --debugger-agent=transport=dt_socket,embedding=1,server=y,suspend=n,address=127.0.0.1:56236
Begin MonoManager ReloadAssembly
Registering precompiled unity dll's ...
Register platform support module: C:/Program Files/Unity/Hub/Editor/2020.3.17f1/Editor/Data/PlaybackEngines/WindowsStandaloneSupport/UnityEditor.WindowsStandalone.Extensions.dll
Registered in 0.001683 seconds.
Native extension for WindowsStandalone target not found
Refreshing native plugins compatible for Editor in 41.76 ms, found 3 plugins.
Preloading 0 native plugins for Editor in 0.00 ms.
Mono: successfully reloaded assembly
- Completed reload, in  0.988 seconds
Domain Reload Profiling:
	ReloadAssembly (989ms)
		BeginReloadAssembly (52ms)
			ExecutionOrderSort (0ms)
			DisableScriptedObjects (0ms)
			BackupInstance (0ms)
			ReleaseScriptingObjects (0ms)
			CreateAndSetChildDomain (1ms)
		EndReloadAssembly (417ms)
			LoadAssemblies (50ms)
			RebuildTransferFunctionScriptingTraits (0ms)
			SetupTypeCache (146ms)
			ReleaseScriptCaches (0ms)
			RebuildScriptCaches (31ms)
			SetupLoadedEditorAssemblies (168ms)
				LogAssemblyErrors (0ms)
				InitializePlatformSupportModulesInManaged (4ms)
				SetLoadedEditorAssemblies (0ms)
				RefreshPlugins (42ms)
				BeforeProcessingInitializeOnLoad (16ms)
				ProcessInitializeOnLoadAttributes (78ms)
				ProcessInitializeOnLoadMethodAttributes (28ms)
				AfterProcessingInitializeOnLoad (0ms)
				EditorAssembliesLoaded (0ms)
			ExecutionOrderSort2 (0ms)
			AwakeInstancesAfterBackupRestoration (0ms)
Platform modules already initialized, skipping
Registering precompiled user dll's ...
Registered in 0.003587 seconds.
Begin MonoManager ReloadAssembly
Native extension for WindowsStandalone target not found
Refreshing native plugins compatible for Editor in 41.62 ms, found 3 plugins.
Preloading 0 native plugins for Editor in 0.00 ms.
Mono: successfully reloaded assembly
- Completed reload, in  1.231 seconds
Domain Reload Profiling:
	ReloadAssembly (1231ms)
		BeginReloadAssembly (138ms)
			ExecutionOrderSort (0ms)
			DisableScriptedObjects (5ms)
			BackupInstance (0ms)
			ReleaseScriptingObjects (0ms)
			CreateAndSetChildDomain (16ms)
		EndReloadAssembly (1032ms)
			LoadAssemblies (85ms)
			RebuildTransferFunctionScriptingTraits (0ms)
			SetupTypeCache (295ms)
			ReleaseScriptCaches (0ms)
			RebuildScriptCaches (46ms)
			SetupLoadedEditorAssemblies (477ms)
				LogAssemblyErrors (0ms)
				InitializePlatformSupportModulesInManaged (4ms)
				SetLoadedEditorAssemblies (0ms)
				RefreshPlugins (42ms)
				BeforeProcessingInitializeOnLoad (81ms)
				ProcessInitializeOnLoadAttributes (333ms)
				ProcessInitializeOnLoadMethodAttributes (13ms)
				AfterProcessingInitializeOnLoad (6ms)
				EditorAssembliesLoaded (0ms)
			ExecutionOrderSort2 (0ms)
			AwakeInstancesAfterBackupRestoration (7ms)
Platform modules already initialized, skipping
========================================================================
Worker process is ready to serve import requests
Launched and connected shader compiler UnityShaderCompiler.exe after 0.07 seconds
Refreshing native plugins compatible for Editor in 0.38 ms, found 3 plugins.
Preloading 0 native plugins for Editor in 0.00 ms.
Unloading 2091 Unused Serialized files (Serialized files now loaded: 0)
System memory in use before: 93.7 MB.
System memory in use after: 93.8 MB.

Unloading 28 unused Assets to reduce memory usage. Loaded Objects now: 2528.
Total: 3.019300 ms (FindLiveObjects: 0.181400 ms CreateObjectMapping: 0.079500 ms MarkObjects: 2.699000 ms  DeleteObjects: 0.058500 ms)

AssetImportParameters requested are different than current active one (requested -> active):
  custom:framework-win-MediaFoundation: 216162199b28c13a410421893ffa2e32 -> 
  custom:video-decoder-ogg-theora: a1e56fd34408186e4bbccfd4996cb3dc -> 
  custom:container-muxer-webm: aa71ff27fc2769a1b78a27578f13a17b -> 
  custom:container-demuxer-webm: 4f35f7cbe854078d1ac9338744f61a02 -> 
  custom:container-demuxer-ogg: 62fdf1f143b41e24485cea50d1cbac27 -> 
  custom:video-encoder-webm-vp8: eb34c28f22e8b96e1ab97ce403110664 -> 
  custom:video-decoder-webm-vp8: 9c59270c3fd7afecdb556c50c9e8de78 -> 
  custom:audio-decoder-ogg-vorbis: bf7c407c2cedff20999df2af8eb42d56 -> 
  custom:audio-encoder-webm-vorbis: bf7c407c2cedff20999df2af8eb42d56 -> 
========================================================================
Received Import Request.
  path: Assets
  artifactKey: Guid(00000000000000001000000000000000) Importer(815301076,1909f56bfc062723c751e8b465ee728b)
Start importing Assets using Guid(00000000000000001000000000000000) Importer(815301076,1909f56bfc062723c751e8b465ee728b)  -> (artifact id: '42d402b061de3733987d63b9cc3b64de') in 0.008325 seconds 
  Import took 0.011592 seconds .

========================================================================
Received Import Request.
  Time since last request: 1.478293 seconds.
  path: Assets/Assets
  artifactKey: Guid(1ca98ff51a1430c4c999d4a478e8ea84) Importer(815301076,1909f56bfc062723c751e8b465ee728b)
Start importing Assets/Assets using Guid(1ca98ff51a1430c4c999d4a478e8ea84) Importer(815301076,1909f56bfc062723c751e8b465ee728b)  -> (artifact id: '80dfe06186d71c7074200e71576742d0') in 0.001824 seconds 
  Import took 0.005031 seconds .

========================================================================
Received Prepare
Registering precompiled user dll's ...
Registered in 0.007894 seconds.
Begin MonoManager ReloadAssembly
Native extension for WindowsStandalone target not found
Refreshing native plugins compatible for Editor in 59.90 ms, found 3 plugins.
Preloading 0 native plugins for Editor in 0.00 ms.
Mono: successfully reloaded assembly
- Completed reload, in  1.253 seconds
Domain Reload Profiling:
	ReloadAssembly (1254ms)
		BeginReloadAssembly (123ms)
			ExecutionOrderSort (0ms)
			DisableScriptedObjects (7ms)
			BackupInstance (0ms)
			ReleaseScriptingObjects (0ms)
			CreateAndSetChildDomain (36ms)
		EndReloadAssembly (1063ms)
			LoadAssemblies (106ms)
			RebuildTransferFunctionScriptingTraits (0ms)
			SetupTypeCache (338ms)
			ReleaseScriptCaches (1ms)
			RebuildScriptCaches (43ms)
			SetupLoadedEditorAssemblies (438ms)
				LogAssemblyErrors (0ms)
				InitializePlatformSupportModulesInManaged (4ms)
				SetLoadedEditorAssemblies (0ms)
				RefreshPlugins (60ms)
				BeforeProcessingInitializeOnLoad (78ms)
				ProcessInitializeOnLoadAttributes (285ms)
				ProcessInitializeOnLoadMethodAttributes (6ms)
				AfterProcessingInitializeOnLoad (6ms)
				EditorAssembliesLoaded (0ms)
			ExecutionOrderSort2 (0ms)
			AwakeInstancesAfterBackupRestoration (11ms)
Platform modules already initialized, skipping
Shader 'Universal Render Pipeline/Nature/SpeedTree7': dependency 'BillboardShader' shader 'Universal Render Pipeline/Nature/SpeedTree7 Billboard' not found
Shader 'Universal Render Pipeline/Baked Lit': fallback shader 'Universal Render Pipeline/Unlit' not found
Shader 'Universal Render Pipeline/Simple Lit': fallback shader 'Hidden/Universal Render Pipeline/FallbackError' not found
Shader 'Universal Render Pipeline/Terrain/Lit': fallback shader 'Hidden/Universal Render Pipeline/FallbackError' not found
Shader 'Universal Render Pipeline/Terrain/Lit': dependency 'AddPassShader' shader 'Hidden/Universal Render Pipeline/Terrain/Lit (Add Pass)' not found
Shader 'Universal Render Pipeline/Terrain/Lit': dependency 'BaseMapShader' shader 'Hidden/Universal Render Pipeline/Terrain/Lit (Base Pass)' not found
Shader 'Universal Render Pipeline/Terrain/Lit': dependency 'BaseMapGenShader' shader 'Hidden/Universal Render Pipeline/Terrain/Lit (Basemap Gen)' not found
Shader 'Hidden/Universal Render Pipeline/Terrain/Lit (Add Pass)': fallback shader 'Hidden/Universal Render Pipeline/FallbackError' not found
Shader 'Hidden/Universal Render Pipeline/Terrain/Lit (Base Pass)': fallback shader 'Hidden/Universal Render Pipeline/FallbackError' not found
Refreshing native plugins compatible for Editor in 0.53 ms, found 3 plugins.
Preloading 0 native plugins for Editor in 0.00 ms.
Unloading 3178 Unused Serialized files (Serialized files now loaded: 0)
System memory in use before: 135.4 MB.
System memory in use after: 131.1 MB.

Unloading 73 unused Assets to reduce memory usage. Loaded Objects now: 3571.
Total: 5.078000 ms (FindLiveObjects: 0.248600 ms CreateObjectMapping: 0.146500 ms MarkObjects: 2.958300 ms  DeleteObjects: 1.723800 ms)

AssetImportParameters requested are different than current active one (requested -> active):
  custom:framework-win-MediaFoundation: 216162199b28c13a410421893ffa2e32 -> 
  custom:video-decoder-ogg-theora: a1e56fd34408186e4bbccfd4996cb3dc -> 
  custom:container-muxer-webm: aa71ff27fc2769a1b78a27578f13a17b -> 
  custom:container-demuxer-webm: 4f35f7cbe854078d1ac9338744f61a02 -> 
  custom:container-demuxer-ogg: 62fdf1f143b41e24485cea50d1cbac27 -> 
  custom:video-encoder-webm-vp8: eb34c28f22e8b96e1ab97ce403110664 -> 
  custom:video-decoder-webm-vp8: 9c59270c3fd7afecdb556c50c9e8de78 -> 
  custom:audio-decoder-ogg-vorbis: bf7c407c2cedff20999df2af8eb42d56 -> 
  custom:audio-encoder-webm-vorbis: bf7c407c2cedff20999df2af8eb42d56 -> 
========================================================================
Received Import Request.
  Time since last request: 269.753691 seconds.
  path: Assets/RenderPipeline
  artifactKey: Guid(1ca98ff51a1430c4c999d4a478e8ea84) Importer(815301076,1909f56bfc062723c751e8b465ee728b)
Start importing Assets/RenderPipeline using Guid(1ca98ff51a1430c4c999d4a478e8ea84) Importer(815301076,1909f56bfc062723c751e8b465ee728b)  -> (artifact id: '0b7802e49207576d83d6a094e01aa47a') in 0.009891 seconds 
  Import took 0.014374 seconds .

========================================================================
Received Import Request.
  Time since last request: 0.000686 seconds.
  path: Assets/RenderPipeline
  artifactKey: Guid(1ca98ff51a1430c4c999d4a478e8ea84) Importer(815301076,1909f56bfc062723c751e8b465ee728b)
Start importing Assets/RenderPipeline using Guid(1ca98ff51a1430c4c999d4a478e8ea84) Importer(815301076,1909f56bfc062723c751e8b465ee728b)  -> (artifact id: '0b7802e49207576d83d6a094e01aa47a') in 0.001735 seconds 
  Import took 0.006070 seconds .

========================================================================
Received Import Request.
  Time since last request: 75.369853 seconds.
  path: Assets/ExternalSources
  artifactKey: Guid(fe852686356e09740ae95c61f73ebfe8) Importer(815301076,1909f56bfc062723c751e8b465ee728b)
Start importing Assets/ExternalSources using Guid(fe852686356e09740ae95c61f73ebfe8) Importer(815301076,1909f56bfc062723c751e8b465ee728b)  -> (artifact id: '10e7a99a0d91e2520cac2f0083f68c36') in 0.006993 seconds 
  Import took 0.011441 seconds .

========================================================================
Received Import Request.
  Time since last request: 0.000681 seconds.
  path: Assets/ExternalSources
  artifactKey: Guid(fe852686356e09740ae95c61f73ebfe8) Importer(815301076,1909f56bfc062723c751e8b465ee728b)
Start importing Assets/ExternalSources using Guid(fe852686356e09740ae95c61f73ebfe8) Importer(815301076,1909f56bfc062723c751e8b465ee728b)  -> (artifact id: '10e7a99a0d91e2520cac2f0083f68c36') in 0.002793 seconds 
  Import took 0.007468 seconds .

========================================================================
Received Import Request.
  Time since last request: 34.679464 seconds.
  path: Assets/ExternalSources/Sources.txt
  artifactKey: Guid(2ef5cbeaca29d7a4ab62380109feadc6) Importer(815301076,1909f56bfc062723c751e8b465ee728b)
Start importing Assets/ExternalSources/Sources.txt using Guid(2ef5cbeaca29d7a4ab62380109feadc6) Importer(815301076,1909f56bfc062723c751e8b465ee728b)  -> (artifact id: '7ae1886d2f4d26f1aa8f5c5b5a162f27') in 0.032480 seconds 
  Import took 0.036994 seconds .

========================================================================
Received Import Request.
  Time since last request: 114.546388 seconds.
  path: Assets/RenderPipeline/2DRenderer.asset
  artifactKey: Guid(4233c9bfed84cf348bdd85c3670ccc71) Importer(815301076,1909f56bfc062723c751e8b465ee728b)
Start importing Assets/RenderPipeline/2DRenderer.asset using Guid(4233c9bfed84cf348bdd85c3670ccc71) Importer(815301076,1909f56bfc062723c751e8b465ee728b)  -> (artifact id: '1b3b4e3dcd8c048ac4a993e32fb9f628') in 0.048814 seconds 
  Import took 0.054656 seconds .

========================================================================
Received Import Request.
  Time since last request: 11.543427 seconds.
  path: Assets/RenderPipeline/Pipeline.asset
  artifactKey: Guid(94a97c1e01f7e154a97a6e54588f78e5) Importer(815301076,1909f56bfc062723c751e8b465ee728b)
Start importing Assets/RenderPipeline/Pipeline.asset using Guid(94a97c1e01f7e154a97a6e54588f78e5) Importer(815301076,1909f56bfc062723c751e8b465ee728b)  -> (artifact id: '5fc782e8367dad35050e0d5a03324d72') in 0.038205 seconds 
  Import took 0.043837 seconds .

========================================================================
Received Import Request.
  Time since last request: 0.000235 seconds.
  path: Assets/RenderPipeline/Pipeline_Renderer.asset
  artifactKey: Guid(08525d7f5ff853c4d9f7714201d2fe15) Importer(815301076,1909f56bfc062723c751e8b465ee728b)
Start importing Assets/RenderPipeline/Pipeline_Renderer.asset using Guid(08525d7f5ff853c4d9f7714201d2fe15) Importer(815301076,1909f56bfc062723c751e8b465ee728b)  -> (artifact id: 'ee9d5ae5705573411169307e6741bed1') in 0.027287 seconds 
  Import took 0.032608 seconds .

========================================================================
Received Prepare
Refreshing native plugins compatible for Editor in 4.13 ms, found 3 plugins.
Preloading 0 native plugins for Editor in 0.00 ms.
Unloading 120 Unused Serialized files (Serialized files now loaded: 0)
System memory in use before: 77.9 MB.
System memory in use after: 75.0 MB.

Unloading 44 unused Assets to reduce memory usage. Loaded Objects now: 3647.
Total: 5.646900 ms (FindLiveObjects: 0.360200 ms CreateObjectMapping: 0.203500 ms MarkObjects: 3.762600 ms  DeleteObjects: 1.319800 ms)

AssetImportParameters requested are different than current active one (requested -> active):
  custom:framework-win-MediaFoundation: 216162199b28c13a410421893ffa2e32 -> 
  custom:video-decoder-ogg-theora: a1e56fd34408186e4bbccfd4996cb3dc -> 
  custom:container-muxer-webm: aa71ff27fc2769a1b78a27578f13a17b -> 
  custom:container-demuxer-webm: 4f35f7cbe854078d1ac9338744f61a02 -> 
  custom:container-demuxer-ogg: 62fdf1f143b41e24485cea50d1cbac27 -> 
  custom:video-encoder-webm-vp8: eb34c28f22e8b96e1ab97ce403110664 -> 
  custom:video-decoder-webm-vp8: 9c59270c3fd7afecdb556c50c9e8de78 -> 
  custom:audio-decoder-ogg-vorbis: bf7c407c2cedff20999df2af8eb42d56 -> 
  custom:audio-encoder-webm-vorbis: bf7c407c2cedff20999df2af8eb42d56 -> 
========================================================================
Received Import Request.
  Time since last request: 52.321898 seconds.
  path: Assets/RenderPipeline/Pipeline.asset
  artifactKey: Guid(94a97c1e01f7e154a97a6e54588f78e5) Importer(815301076,1909f56bfc062723c751e8b465ee728b)
Start importing Assets/RenderPipeline/Pipeline.asset using Guid(94a97c1e01f7e154a97a6e54588f78e5) Importer(815301076,1909f56bfc062723c751e8b465ee728b)  -> (artifact id: '4ed7f9c6075b4c4078e2933889c5a66a') in 0.004048 seconds 
  Import took 0.008491 seconds .

========================================================================
Received Import Request.
  Time since last request: 0.000197 seconds.
  path: Assets/RenderPipeline/2DRenderer.asset
  artifactKey: Guid(4233c9bfed84cf348bdd85c3670ccc71) Importer(815301076,1909f56bfc062723c751e8b465ee728b)
Start importing Assets/RenderPipeline/2DRenderer.asset using Guid(4233c9bfed84cf348bdd85c3670ccc71) Importer(815301076,1909f56bfc062723c751e8b465ee728b)  -> (artifact id: 'e05712cce001e336ee871a6980f6f3a8') in 0.004067 seconds 
  Import took 0.008581 seconds .

========================================================================
Received Import Request.
  Time since last request: 109.357877 seconds.
  path: Assets/Backyard - Free/backyard.png
  artifactKey: Guid(01842c69a0801d74382f6f4ed41ec4bf) Importer(815301076,1909f56bfc062723c751e8b465ee728b)
Start importing Assets/Backyard - Free/backyard.png using Guid(01842c69a0801d74382f6f4ed41ec4bf) Importer(815301076,1909f56bfc062723c751e8b465ee728b)  -> (artifact id: 'c5f8220943effacc5e27ad3ebf6484ff') in 0.331940 seconds 
  Import took 0.337051 seconds .

========================================================================
Received Import Request.
  Time since last request: 0.000195 seconds.
  path: Assets/Backyard - Free/sample_ground.png
  artifactKey: Guid(554eb3f7771ceeb4ca590c856d92dbca) Importer(815301076,1909f56bfc062723c751e8b465ee728b)
Start importing Assets/Backyard - Free/sample_ground.png using Guid(554eb3f7771ceeb4ca590c856d92dbca) Importer(815301076,1909f56bfc062723c751e8b465ee728b)  -> (artifact id: '24218a4d7cd79789579d23b0f71905ae') in 0.025828 seconds 
  Import took 0.030423 seconds .

========================================================================
Received Import Request.
  Time since last request: 4.338836 seconds.
  path: Assets/Backyard - Free/Additional Files
  artifactKey: Guid(4a47b10be04efec4dbfec5d97bdc15c6) Importer(815301076,1909f56bfc062723c751e8b465ee728b)
Start importing Assets/Backyard - Free/Additional Files using Guid(4a47b10be04efec4dbfec5d97bdc15c6) Importer(815301076,1909f56bfc062723c751e8b465ee728b)  -> (artifact id: '66a9480ae75305e6f51681e57997f3e7') in 0.007099 seconds 
  Import took 0.011963 seconds .

========================================================================
Received Import Request.
  Time since last request: 1.897695 seconds.
  path: Assets/Backyard - Free/Separate Tiles
  artifactKey: Guid(a28ebd1124208be46b76a993b8a16012) Importer(815301076,1909f56bfc062723c751e8b465ee728b)
Start importing Assets/Backyard - Free/Separate Tiles using Guid(a28ebd1124208be46b76a993b8a16012) Importer(815301076,1909f56bfc062723c751e8b465ee728b)  -> (artifact id: '9ea6670c6def1750c9760fab6e95b4de') in 0.006874 seconds 
  Import took 0.011659 seconds .

========================================================================
Received Import Request.
  Time since last request: 0.083226 seconds.
  path: Assets/Backyard - Free/Separate Tiles/backyard_00.png
  artifactKey: Guid(c347206643c0d514294fd0eb5d4d3496) Importer(815301076,1909f56bfc062723c751e8b465ee728b)
Start importing Assets/Backyard - Free/Separate Tiles/backyard_00.png using Guid(c347206643c0d514294fd0eb5d4d3496) Importer(815301076,1909f56bfc062723c751e8b465ee728b)  -> (artifact id: '12fe700afe89b9f66bcf8efeae47cca2') in 0.012961 seconds 
  Import took 0.017457 seconds .

========================================================================
Received Import Request.
  Time since last request: 0.000251 seconds.
  path: Assets/Backyard - Free/Separate Tiles/backyard_69.png
  artifactKey: Guid(9e7139d7efb31ac4db817260f4bde6b1) Importer(815301076,1909f56bfc062723c751e8b465ee728b)
Start importing Assets/Backyard - Free/Separate Tiles/backyard_69.png using Guid(9e7139d7efb31ac4db817260f4bde6b1) Importer(815301076,1909f56bfc062723c751e8b465ee728b)  -> (artifact id: '0e24d2ffba9a9b53d846a4b574d1a350') in 0.013276 seconds 
  Import took 0.017510 seconds .

========================================================================
Received Import Request.
  Time since last request: 0.000273 seconds.
  path: Assets/Backyard - Free/Separate Tiles/backyard_32.png
  artifactKey: Guid(9cc9ef331801669419d571f6d9aa30e1) Importer(815301076,1909f56bfc062723c751e8b465ee728b)
Start importing Assets/Backyard - Free/Separate Tiles/backyard_32.png using Guid(9cc9ef331801669419d571f6d9aa30e1) Importer(815301076,1909f56bfc062723c751e8b465ee728b)  -> (artifact id: '1b52561fb0ac333789c64ae536e2b14d') in 0.017168 seconds 
  Import took 0.021501 seconds .

========================================================================
Received Import Request.
  Time since last request: 0.000246 seconds.
  path: Assets/Backyard - Free/Separate Tiles/backyard_64.png
  artifactKey: Guid(c94742235144f464f9255e62c55a46f7) Importer(815301076,1909f56bfc062723c751e8b465ee728b)
Start importing Assets/Backyard - Free/Separate Tiles/backyard_64.png using Guid(c94742235144f464f9255e62c55a46f7) Importer(815301076,1909f56bfc062723c751e8b465ee728b)  -> (artifact id: '5c9bee0aba49b1fc69124b5695aa975a') in 0.012535 seconds 
  Import took 0.017279 seconds .

========================================================================
Received Import Request.
  Time since last request: 0.000256 seconds.
  path: Assets/Backyard - Free/Separate Tiles/backyard_05.png
  artifactKey: Guid(3173b0d7c57b66641b25fb5cd893ecc5) Importer(815301076,1909f56bfc062723c751e8b465ee728b)
Start importing Assets/Backyard - Free/Separate Tiles/backyard_05.png using Guid(3173b0d7c57b66641b25fb5cd893ecc5) Importer(815301076,1909f56bfc062723c751e8b465ee728b)  -> (artifact id: 'd1811c38c0555d5861ad10138e4edffe') in 0.014662 seconds 
  Import took 0.019339 seconds .

========================================================================
Received Import Request.
  Time since last request: 0.000181 seconds.
  path: Assets/Backyard - Free/Separate Tiles/backyard_19.png
  artifactKey: Guid(0b1eaa0a6e89d354dbea566e1312be7c) Importer(815301076,1909f56bfc062723c751e8b465ee728b)
Start importing Assets/Backyard - Free/Separate Tiles/backyard_19.png using Guid(0b1eaa0a6e89d354dbea566e1312be7c) Importer(815301076,1909f56bfc062723c751e8b465ee728b)  -> (artifact id: 'b7806e97a6a532ae189edaf0b819ed7f') in 0.013602 seconds 
  Import took 0.018008 seconds .

========================================================================
Received Import Request.
  Time since last request: 0.000260 seconds.
  path: Assets/Backyard - Free/Separate Tiles/backyard_10.png
  artifactKey: Guid(abc41e6a37abfe447bd7940b10ada078) Importer(815301076,1909f56bfc062723c751e8b465ee728b)
Start importing Assets/Backyard - Free/Separate Tiles/backyard_10.png using Guid(abc41e6a37abfe447bd7940b10ada078) Importer(815301076,1909f56bfc062723c751e8b465ee728b)  -> (artifact id: '0d7ff5a557d0ee4e567c35f7af84aa08') in 0.012259 seconds 
  Import took 0.016715 seconds .

========================================================================
Received Import Request.
  Time since last request: 0.000205 seconds.
  path: Assets/Backyard - Free/Separate Tiles/backyard_47.png
  artifactKey: Guid(0e0a07fc2a17a0f44aa64b8427fe87d7) Importer(815301076,1909f56bfc062723c751e8b465ee728b)
Start importing Assets/Backyard - Free/Separate Tiles/backyard_47.png using Guid(0e0a07fc2a17a0f44aa64b8427fe87d7) Importer(815301076,1909f56bfc062723c751e8b465ee728b)  -> (artifact id: 'b4088e7b674ef09e0072aac240fa8b35') in 0.017442 seconds 
  Import took 0.021856 seconds .

========================================================================
Received Import Request.
  Time since last request: 0.000183 seconds.
  path: Assets/Backyard - Free/Separate Tiles/backyard_71.png
  artifactKey: Guid(3046121ca4a0f9340865f3b5c28e79a2) Importer(815301076,1909f56bfc062723c751e8b465ee728b)
Start importing Assets/Backyard - Free/Separate Tiles/backyard_71.png using Guid(3046121ca4a0f9340865f3b5c28e79a2) Importer(815301076,1909f56bfc062723c751e8b465ee728b)  -> (artifact id: '91541baf624df546407bd7eb157e0c9c') in 0.018110 seconds 
  Import took 0.022526 seconds .

========================================================================
Received Import Request.
  Time since last request: 0.000261 seconds.
  path: Assets/Backyard - Free/Separate Tiles/backyard_35.png
  artifactKey: Guid(783682e92230f094caa78a76ad680c88) Importer(815301076,1909f56bfc062723c751e8b465ee728b)
Start importing Assets/Backyard - Free/Separate Tiles/backyard_35.png using Guid(783682e92230f094caa78a76ad680c88) Importer(815301076,1909f56bfc062723c751e8b465ee728b)  -> (artifact id: 'c8332390b9a82bb5e9145181379a3e23') in 0.013234 seconds 
  Import took 0.017719 seconds .

========================================================================
Received Import Request.
  Time since last request: 0.000174 seconds.
  path: Assets/Backyard - Free/Separate Tiles/backyard_70.png
  artifactKey: Guid(760042eda3b2cc9438b3d08427ac7c6f) Importer(815301076,1909f56bfc062723c751e8b465ee728b)
Start importing Assets/Backyard - Free/Separate Tiles/backyard_70.png using Guid(760042eda3b2cc9438b3d08427ac7c6f) Importer(815301076,1909f56bfc062723c751e8b465ee728b)  -> (artifact id: '9af8013ac2f83dbca70ab775fa60e34a') in 0.012995 seconds 
  Import took 0.017535 seconds .

========================================================================
Received Import Request.
  Time since last request: 0.000189 seconds.
  path: Assets/Backyard - Free/Separate Tiles/backyard_36.png
  artifactKey: Guid(d56a2af0b87459e4bb880713898070a6) Importer(815301076,1909f56bfc062723c751e8b465ee728b)
Start importing Assets/Backyard - Free/Separate Tiles/backyard_36.png using Guid(d56a2af0b87459e4bb880713898070a6) Importer(815301076,1909f56bfc062723c751e8b465ee728b)  -> (artifact id: '7feb4cfcbafd6be7a104b5dcb058271f') in 0.014950 seconds 
  Import took 0.019394 seconds .

========================================================================
Received Import Request.
  Time since last request: 0.000253 seconds.
  path: Assets/Backyard - Free/Separate Tiles/backyard_43.png
  artifactKey: Guid(4218829bd7e6e104e84e039d42617229) Importer(815301076,1909f56bfc062723c751e8b465ee728b)
Start importing Assets/Backyard - Free/Separate Tiles/backyard_43.png using Guid(4218829bd7e6e104e84e039d42617229) Importer(815301076,1909f56bfc062723c751e8b465ee728b)  -> (artifact id: '72abb316a7a65863cc7a284fd0061f63') in 0.017267 seconds 
  Import took 0.021826 seconds .

========================================================================
Received Import Request.
  Time since last request: 0.000182 seconds.
  path: Assets/Backyard - Free/Separate Tiles/backyard_41.png
  artifactKey: Guid(c5d66a7f73222ba419fc16b17cacddff) Importer(815301076,1909f56bfc062723c751e8b465ee728b)
Start importing Assets/Backyard - Free/Separate Tiles/backyard_41.png using Guid(c5d66a7f73222ba419fc16b17cacddff) Importer(815301076,1909f56bfc062723c751e8b465ee728b)  -> (artifact id: '1d2cf2c69b5e3a92198d2076bf4d3210') in 0.015894 seconds 
  Import took 0.020233 seconds .

========================================================================
Received Import Request.
  Time since last request: 0.000201 seconds.
  path: Assets/Backyard - Free/Separate Tiles/backyard_73.png
  artifactKey: Guid(474f3a4a4243b4b42bcabd4d7bb8ca25) Importer(815301076,1909f56bfc062723c751e8b465ee728b)
Start importing Assets/Backyard - Free/Separate Tiles/backyard_73.png using Guid(474f3a4a4243b4b42bcabd4d7bb8ca25) Importer(815301076,1909f56bfc062723c751e8b465ee728b)  -> (artifact id: 'fb4913127137eeb410c46fe332381c92') in 0.013565 seconds 
  Import took 0.018219 seconds .

========================================================================
Received Import Request.
  Time since last request: 0.000180 seconds.
  path: Assets/Backyard - Free/Separate Tiles/backyard_22.png
  artifactKey: Guid(5206e60aae2b34244af2a47248cfdfc6) Importer(815301076,1909f56bfc062723c751e8b465ee728b)
Start importing Assets/Backyard - Free/Separate Tiles/backyard_22.png using Guid(5206e60aae2b34244af2a47248cfdfc6) Importer(815301076,1909f56bfc062723c751e8b465ee728b)  -> (artifact id: '5f85527d184d9ce231d7b64621b70a29') in 0.014441 seconds 
  Import took 0.018881 seconds .

========================================================================
Received Import Request.
  Time since last request: 0.000247 seconds.
  path: Assets/Backyard - Free/Separate Tiles/backyard_34.png
  artifactKey: Guid(01ece7451bc2fe245bd10a7fcd132f74) Importer(815301076,1909f56bfc062723c751e8b465ee728b)
Start importing Assets/Backyard - Free/Separate Tiles/backyard_34.png using Guid(01ece7451bc2fe245bd10a7fcd132f74) Importer(815301076,1909f56bfc062723c751e8b465ee728b)  -> (artifact id: '9396aecdfbfe53b632c0779d9f61836c') in 0.013984 seconds 
  Import took 0.018449 seconds .

========================================================================
Received Import Request.
  Time since last request: 0.000236 seconds.
  path: Assets/Backyard - Free/Separate Tiles/backyard_01.png
  artifactKey: Guid(ee39e822105b4f149b76ad27abe4c2ad) Importer(815301076,1909f56bfc062723c751e8b465ee728b)
Start importing Assets/Backyard - Free/Separate Tiles/backyard_01.png using Guid(ee39e822105b4f149b76ad27abe4c2ad) Importer(815301076,1909f56bfc062723c751e8b465ee728b)  -> (artifact id: '37e87055e4c815d398d720f644e75a25') in 0.014041 seconds 
  Import took 0.018376 seconds .

========================================================================
Received Import Request.
  Time since last request: 0.000230 seconds.
  path: Assets/Backyard - Free/Separate Tiles/backyard_54.png
  artifactKey: Guid(31d1db2a64c21d944bd3a34c089756cd) Importer(815301076,1909f56bfc062723c751e8b465ee728b)
Start importing Assets/Backyard - Free/Separate Tiles/backyard_54.png using Guid(31d1db2a64c21d944bd3a34c089756cd) Importer(815301076,1909f56bfc062723c751e8b465ee728b)  -> (artifact id: '849dd24eb3be240fc7254927134e96f1') in 0.012629 seconds 
  Import took 0.016959 seconds .

========================================================================
Received Import Request.
  Time since last request: 0.000254 seconds.
  path: Assets/Backyard - Free/Separate Tiles/backyard_61.png
  artifactKey: Guid(5d1fb61671e1a7046ae9cb324c4a1d0d) Importer(815301076,1909f56bfc062723c751e8b465ee728b)
Start importing Assets/Backyard - Free/Separate Tiles/backyard_61.png using Guid(5d1fb61671e1a7046ae9cb324c4a1d0d) Importer(815301076,1909f56bfc062723c751e8b465ee728b)  -> (artifact id: '73e58daea43fe4e37fbf4f384c31df82') in 0.015029 seconds 
  Import took 0.019765 seconds .

========================================================================
Received Import Request.
  Time since last request: 0.000248 seconds.
  path: Assets/Backyard - Free/Separate Tiles/backyard_72.png
  artifactKey: Guid(ab64df380b21a7d448545aaa05016704) Importer(815301076,1909f56bfc062723c751e8b465ee728b)
Start importing Assets/Backyard - Free/Separate Tiles/backyard_72.png using Guid(ab64df380b21a7d448545aaa05016704) Importer(815301076,1909f56bfc062723c751e8b465ee728b)  -> (artifact id: '064c6256e23a796493bf5a1515739650') in 0.016750 seconds 
  Import took 0.021220 seconds .

========================================================================
Received Import Request.
  Time since last request: 0.000203 seconds.
  path: Assets/Backyard - Free/Separate Tiles/backyard_78.png
  artifactKey: Guid(a8dd380600893a344bded38f6f49b61f) Importer(815301076,1909f56bfc062723c751e8b465ee728b)
Start importing Assets/Backyard - Free/Separate Tiles/backyard_78.png using Guid(a8dd380600893a344bded38f6f49b61f) Importer(815301076,1909f56bfc062723c751e8b465ee728b)  -> (artifact id: '91971bc14a9dfbd0fab9c40c34eb22c5') in 0.012936 seconds 
  Import took 0.017511 seconds .

========================================================================
Received Import Request.
  Time since last request: 0.000250 seconds.
  path: Assets/Backyard - Free/Separate Tiles/backyard_38.png
  artifactKey: Guid(aa80801e523985e4b9cc2dbc3143cd93) Importer(815301076,1909f56bfc062723c751e8b465ee728b)
Start importing Assets/Backyard - Free/Separate Tiles/backyard_38.png using Guid(aa80801e523985e4b9cc2dbc3143cd93) Importer(815301076,1909f56bfc062723c751e8b465ee728b)  -> (artifact id: 'ffb628683a2b2d597720346ff7370e0c') in 0.012449 seconds 
  Import took 0.017091 seconds .

========================================================================
Received Import Request.
  Time since last request: 0.000339 seconds.
  path: Assets/Backyard - Free/Separate Tiles/backyard_49.png
  artifactKey: Guid(28889b3e082b9e540b7d105db780d285) Importer(815301076,1909f56bfc062723c751e8b465ee728b)
Start importing Assets/Backyard - Free/Separate Tiles/backyard_49.png using Guid(28889b3e082b9e540b7d105db780d285) Importer(815301076,1909f56bfc062723c751e8b465ee728b)  -> (artifact id: '62f8be7c9a31c97e382406f4c03774dd') in 0.014733 seconds 
  Import took 0.019426 seconds .

========================================================================
Received Import Request.
  Time since last request: 0.000264 seconds.
  path: Assets/Backyard - Free/Separate Tiles/backyard_56.png
  artifactKey: Guid(b9855265ff381844aae27785fb46640b) Importer(815301076,1909f56bfc062723c751e8b465ee728b)
Start importing Assets/Backyard - Free/Separate Tiles/backyard_56.png using Guid(b9855265ff381844aae27785fb46640b) Importer(815301076,1909f56bfc062723c751e8b465ee728b)  -> (artifact id: '42081a7ae359d4ce084f033016cf3513') in 0.012834 seconds 
  Import took 0.017349 seconds .

========================================================================
Received Import Request.
  Time since last request: 0.000245 seconds.
  path: Assets/Backyard - Free/Separate Tiles/backyard_53.png
  artifactKey: Guid(e1f32f634a6500a499221b09ac9b5a28) Importer(815301076,1909f56bfc062723c751e8b465ee728b)
Start importing Assets/Backyard - Free/Separate Tiles/backyard_53.png using Guid(e1f32f634a6500a499221b09ac9b5a28) Importer(815301076,1909f56bfc062723c751e8b465ee728b)  -> (artifact id: '26aef815e4526553866a0cf470102186') in 0.013513 seconds 
  Import took 0.018107 seconds .

========================================================================
Received Import Request.
  Time since last request: 0.000249 seconds.
  path: Assets/Backyard - Free/Separate Tiles/backyard_52.png
  artifactKey: Guid(49a26650cd0a7bc40b10934d233e17fc) Importer(815301076,1909f56bfc062723c751e8b465ee728b)
Start importing Assets/Backyard - Free/Separate Tiles/backyard_52.png using Guid(49a26650cd0a7bc40b10934d233e17fc) Importer(815301076,1909f56bfc062723c751e8b465ee728b)  -> (artifact id: 'c834b6f17d141d84ae5f843e2042a050') in 0.016042 seconds 
  Import took 0.020432 seconds .

========================================================================
Received Import Request.
  Time since last request: 0.000259 seconds.
  path: Assets/Backyard - Free/Separate Tiles/backyard_74.png
  artifactKey: Guid(be35b8e4d625ae74ba2fb36e0f30a99b) Importer(815301076,1909f56bfc062723c751e8b465ee728b)
Start importing Assets/Backyard - Free/Separate Tiles/backyard_74.png using Guid(be35b8e4d625ae74ba2fb36e0f30a99b) Importer(815301076,1909f56bfc062723c751e8b465ee728b)  -> (artifact id: '882ce0d9d6b5f1a0440493a3438d1026') in 0.016819 seconds 
  Import took 0.021139 seconds .

========================================================================
Received Import Request.
  Time since last request: 0.000184 seconds.
  path: Assets/Backyard - Free/Separate Tiles/backyard_06.png
  artifactKey: Guid(bda03a3f77787084fb60f39270eb0ae5) Importer(815301076,1909f56bfc062723c751e8b465ee728b)
Start importing Assets/Backyard - Free/Separate Tiles/backyard_06.png using Guid(bda03a3f77787084fb60f39270eb0ae5) Importer(815301076,1909f56bfc062723c751e8b465ee728b)  -> (artifact id: '6e709ebfc0743a3fa7608a7b24c11475') in 0.013741 seconds 
  Import took 0.018350 seconds .

========================================================================
Received Import Request.
  Time since last request: 0.000235 seconds.
  path: Assets/Backyard - Free/Separate Tiles/backyard_12.png
  artifactKey: Guid(af7001716e952f84a8d7235196e0a2a1) Importer(815301076,1909f56bfc062723c751e8b465ee728b)
Start importing Assets/Backyard - Free/Separate Tiles/backyard_12.png using Guid(af7001716e952f84a8d7235196e0a2a1) Importer(815301076,1909f56bfc062723c751e8b465ee728b)  -> (artifact id: '44e72ab202afd84756ca181af216cb24') in 0.013437 seconds 
  Import took 0.017878 seconds .

========================================================================
Received Import Request.
  Time since last request: 0.000248 seconds.
  path: Assets/Backyard - Free/Separate Tiles/backyard_67.png
  artifactKey: Guid(f03dfa10d891d204fb30ff50120ee471) Importer(815301076,1909f56bfc062723c751e8b465ee728b)
Start importing Assets/Backyard - Free/Separate Tiles/backyard_67.png using Guid(f03dfa10d891d204fb30ff50120ee471) Importer(815301076,1909f56bfc062723c751e8b465ee728b)  -> (artifact id: 'ec52cf60590241712e49844818c23ecb') in 0.013655 seconds 
  Import took 0.018145 seconds .

========================================================================
Received Import Request.
  Time since last request: 0.000255 seconds.
  path: Assets/Backyard - Free/Separate Tiles/backyard_62.png
  artifactKey: Guid(51a52ab2d1f50be4e89e2d97f8c94b5b) Importer(815301076,1909f56bfc062723c751e8b465ee728b)
Start importing Assets/Backyard - Free/Separate Tiles/backyard_62.png using Guid(51a52ab2d1f50be4e89e2d97f8c94b5b) Importer(815301076,1909f56bfc062723c751e8b465ee728b)  -> (artifact id: 'fb86e9c158528acd702a9c6029453bba') in 0.013161 seconds 
  Import took 0.017657 seconds .

========================================================================
Received Import Request.
  Time since last request: 0.000216 seconds.
  path: Assets/Backyard - Free/Separate Tiles/backyard_11.png
  artifactKey: Guid(ea1c3cc273e5e3d498a66216e63667b3) Importer(815301076,1909f56bfc062723c751e8b465ee728b)
Start importing Assets/Backyard - Free/Separate Tiles/backyard_11.png using Guid(ea1c3cc273e5e3d498a66216e63667b3) Importer(815301076,1909f56bfc062723c751e8b465ee728b)  -> (artifact id: '315ae1a96cf1118018aa11725afa875a') in 0.013685 seconds 
  Import took 0.018332 seconds .

========================================================================
Received Import Request.
  Time since last request: 0.000206 seconds.
  path: Assets/Backyard - Free/Separate Tiles/backyard_75.png
  artifactKey: Guid(09235bd1dab437c4788c6cf19e3779e3) Importer(815301076,1909f56bfc062723c751e8b465ee728b)
Start importing Assets/Backyard - Free/Separate Tiles/backyard_75.png using Guid(09235bd1dab437c4788c6cf19e3779e3) Importer(815301076,1909f56bfc062723c751e8b465ee728b)  -> (artifact id: '311bd85da80170166cd24c7ca94d695f') in 0.016045 seconds 
  Import took 0.020632 seconds .

========================================================================
Received Import Request.
  Time since last request: 0.000192 seconds.
  path: Assets/Backyard - Free/Separate Tiles/backyard_09.png
  artifactKey: Guid(d7aa5d4e4508d8f4a9a23867b772fcc3) Importer(815301076,1909f56bfc062723c751e8b465ee728b)
Start importing Assets/Backyard - Free/Separate Tiles/backyard_09.png using Guid(d7aa5d4e4508d8f4a9a23867b772fcc3) Importer(815301076,1909f56bfc062723c751e8b465ee728b)  -> (artifact id: 'ca85cf484a395aae5388e64b1c7dbc33') in 0.014673 seconds 
  Import took 0.019059 seconds .

========================================================================
Received Import Request.
  Time since last request: 0.000231 seconds.
  path: Assets/Backyard - Free/Separate Tiles/backyard_45.png
  artifactKey: Guid(d0e84f09195e0934b82910e173b46cc5) Importer(815301076,1909f56bfc062723c751e8b465ee728b)
Start importing Assets/Backyard - Free/Separate Tiles/backyard_45.png using Guid(d0e84f09195e0934b82910e173b46cc5) Importer(815301076,1909f56bfc062723c751e8b465ee728b)  -> (artifact id: '37d83bae36ee4abbce10b5ca1680bb99') in 0.014343 seconds 
  Import took 0.019176 seconds .

========================================================================
Received Import Request.
  Time since last request: 0.000181 seconds.
  path: Assets/Backyard - Free/Separate Tiles/backyard_29.png
  artifactKey: Guid(1c674cdf17c481a42a8f773af444af80) Importer(815301076,1909f56bfc062723c751e8b465ee728b)
Start importing Assets/Backyard - Free/Separate Tiles/backyard_29.png using Guid(1c674cdf17c481a42a8f773af444af80) Importer(815301076,1909f56bfc062723c751e8b465ee728b)  -> (artifact id: 'd7d57a463e197d7a79adada919c630d9') in 0.012391 seconds 
  Import took 0.017092 seconds .

========================================================================
Received Import Request.
  Time since last request: 0.000206 seconds.
  path: Assets/Backyard - Free/Separate Tiles/backyard_03.png
  artifactKey: Guid(582f4e4c048160f4b8eff8c6f952d9e5) Importer(815301076,1909f56bfc062723c751e8b465ee728b)
Start importing Assets/Backyard - Free/Separate Tiles/backyard_03.png using Guid(582f4e4c048160f4b8eff8c6f952d9e5) Importer(815301076,1909f56bfc062723c751e8b465ee728b)  -> (artifact id: '123644215b250fcae89d75995df0daa3') in 0.012818 seconds 
  Import took 0.017325 seconds .

========================================================================
Received Import Request.
  Time since last request: 0.000257 seconds.
  path: Assets/Backyard - Free/Separate Tiles/backyard_63.png
  artifactKey: Guid(bf3ab3a00fde90a4494c61d65ad029ee) Importer(815301076,1909f56bfc062723c751e8b465ee728b)
Start importing Assets/Backyard - Free/Separate Tiles/backyard_63.png using Guid(bf3ab3a00fde90a4494c61d65ad029ee) Importer(815301076,1909f56bfc062723c751e8b465ee728b)  -> (artifact id: '06d294fc88b6f6d5a6d35df377776789') in 0.013009 seconds 
  Import took 0.017751 seconds .

========================================================================
Received Import Request.
  Time since last request: 0.000176 seconds.
  path: Assets/Backyard - Free/Separate Tiles/backyard_79.png
  artifactKey: Guid(62467bfb66dedf74991b5fd6dff5ae76) Importer(815301076,1909f56bfc062723c751e8b465ee728b)
Start importing Assets/Backyard - Free/Separate Tiles/backyard_79.png using Guid(62467bfb66dedf74991b5fd6dff5ae76) Importer(815301076,1909f56bfc062723c751e8b465ee728b)  -> (artifact id: '324a739bcf3167596d2a63979c7ff8a6') in 0.015507 seconds 
  Import took 0.019935 seconds .

========================================================================
Received Import Request.
  Time since last request: 0.000247 seconds.
  path: Assets/Backyard - Free/Separate Tiles/backyard_13.png
  artifactKey: Guid(b9ef438332f6be841b3d76dba518ffd0) Importer(815301076,1909f56bfc062723c751e8b465ee728b)
Start importing Assets/Backyard - Free/Separate Tiles/backyard_13.png using Guid(b9ef438332f6be841b3d76dba518ffd0) Importer(815301076,1909f56bfc062723c751e8b465ee728b)  -> (artifact id: '874b722e61d1c08851e316448a6d6f80') in 0.015337 seconds 
  Import took 0.020144 seconds .

========================================================================
Received Import Request.
  Time since last request: 0.000251 seconds.
  path: Assets/Backyard - Free/Separate Tiles/backyard_16.png
  artifactKey: Guid(907154f6a6b649f418d7ea4178693403) Importer(815301076,1909f56bfc062723c751e8b465ee728b)
Start importing Assets/Backyard - Free/Separate Tiles/backyard_16.png using Guid(907154f6a6b649f418d7ea4178693403) Importer(815301076,1909f56bfc062723c751e8b465ee728b)  -> (artifact id: '510d5edfac537e471acd7a8bf4084072') in 0.013916 seconds 
  Import took 0.018723 seconds .

========================================================================
Received Import Request.
  Time since last request: 0.000293 seconds.
  path: Assets/Backyard - Free/Separate Tiles/backyard_46.png
  artifactKey: Guid(6b43ec4dfe919bf4b908d451c15bd906) Importer(815301076,1909f56bfc062723c751e8b465ee728b)
Start importing Assets/Backyard - Free/Separate Tiles/backyard_46.png using Guid(6b43ec4dfe919bf4b908d451c15bd906) Importer(815301076,1909f56bfc062723c751e8b465ee728b)  -> (artifact id: '225891951baa1008c92f293e6d8df14f') in 0.013357 seconds 
  Import took 0.018036 seconds .

========================================================================
Received Import Request.
  Time since last request: 0.000277 seconds.
  path: Assets/Backyard - Free/Separate Tiles/backyard_28.png
  artifactKey: Guid(471606bc09a86ff489efe449c9708a73) Importer(815301076,1909f56bfc062723c751e8b465ee728b)
Start importing Assets/Backyard - Free/Separate Tiles/backyard_28.png using Guid(471606bc09a86ff489efe449c9708a73) Importer(815301076,1909f56bfc062723c751e8b465ee728b)  -> (artifact id: '56c1cb08385f15386a009b53e2dd61eb') in 0.013614 seconds 
  Import took 0.018439 seconds .

========================================================================
Received Import Request.
  Time since last request: 0.000259 seconds.
  path: Assets/Backyard - Free/Separate Tiles/backyard_24.png
  artifactKey: Guid(99fc28874c327594b9c63c34e154b55c) Importer(815301076,1909f56bfc062723c751e8b465ee728b)
Start importing Assets/Backyard - Free/Separate Tiles/backyard_24.png using Guid(99fc28874c327594b9c63c34e154b55c) Importer(815301076,1909f56bfc062723c751e8b465ee728b)  -> (artifact id: '4cb9e5343f8ced18855e9f22f74f12c3') in 0.013476 seconds 
  Import took 0.018236 seconds .

========================================================================
Received Import Request.
  Time since last request: 0.000243 seconds.
  path: Assets/Backyard - Free/Separate Tiles/backyard_20.png
  artifactKey: Guid(3a4199454ab180b41baf68b9e8729b9c) Importer(815301076,1909f56bfc062723c751e8b465ee728b)
Start importing Assets/Backyard - Free/Separate Tiles/backyard_20.png using Guid(3a4199454ab180b41baf68b9e8729b9c) Importer(815301076,1909f56bfc062723c751e8b465ee728b)  -> (artifact id: 'bc1649dbbb957bfd64626a5cba2cca7a') in 0.013332 seconds 
  Import took 0.018011 seconds .

========================================================================
Received Import Request.
  Time since last request: 0.000246 seconds.
  path: Assets/Backyard - Free/Separate Tiles/backyard_60.png
  artifactKey: Guid(1be9866399d849743a6f123a3994d4e9) Importer(815301076,1909f56bfc062723c751e8b465ee728b)
Start importing Assets/Backyard - Free/Separate Tiles/backyard_60.png using Guid(1be9866399d849743a6f123a3994d4e9) Importer(815301076,1909f56bfc062723c751e8b465ee728b)  -> (artifact id: 'a2c807d3fb7359e35b9eee1e9335aad2') in 0.012893 seconds 
  Import took 0.017352 seconds .

========================================================================
Received Import Request.
  Time since last request: 0.000212 seconds.
  path: Assets/Backyard - Free/Separate Tiles/backyard_51.png
  artifactKey: Guid(0df2e2a07c35ec74eb84100acea65cb7) Importer(815301076,1909f56bfc062723c751e8b465ee728b)
Start importing Assets/Backyard - Free/Separate Tiles/backyard_51.png using Guid(0df2e2a07c35ec74eb84100acea65cb7) Importer(815301076,1909f56bfc062723c751e8b465ee728b)  -> (artifact id: '7984439bd5df1071dbaef3155b0f3e44') in 0.013895 seconds 
  Import took 0.018386 seconds .

========================================================================
Received Import Request.
  Time since last request: 0.000243 seconds.
  path: Assets/Backyard - Free/Separate Tiles/backyard_80.png
  artifactKey: Guid(2a994ccab726d424894c1cd3b2a3c615) Importer(815301076,1909f56bfc062723c751e8b465ee728b)
Start importing Assets/Backyard - Free/Separate Tiles/backyard_80.png using Guid(2a994ccab726d424894c1cd3b2a3c615) Importer(815301076,1909f56bfc062723c751e8b465ee728b)  -> (artifact id: '2d4f6b98c869764b61b815cd3426ffca') in 0.015085 seconds 
  Import took 0.019560 seconds .

========================================================================
Received Import Request.
  Time since last request: 0.000236 seconds.
  path: Assets/Backyard - Free/Separate Tiles/backyard_65.png
  artifactKey: Guid(fd006a5012332a440a42b89c9e457c5c) Importer(815301076,1909f56bfc062723c751e8b465ee728b)
Start importing Assets/Backyard - Free/Separate Tiles/backyard_65.png using Guid(fd006a5012332a440a42b89c9e457c5c) Importer(815301076,1909f56bfc062723c751e8b465ee728b)  -> (artifact id: 'c2b7e7427449a37d17b6a30f5a65806e') in 0.015959 seconds 
  Import took 0.020769 seconds .

========================================================================
Received Import Request.
  Time since last request: 0.000201 seconds.
  path: Assets/Backyard - Free/Separate Tiles/backyard_48.png
  artifactKey: Guid(fdabe0ae1d137074ea13909d8266426a) Importer(815301076,1909f56bfc062723c751e8b465ee728b)
Start importing Assets/Backyard - Free/Separate Tiles/backyard_48.png using Guid(fdabe0ae1d137074ea13909d8266426a) Importer(815301076,1909f56bfc062723c751e8b465ee728b)  -> (artifact id: '3168d726fa432c8ccc38d1c67bf72373') in 0.013184 seconds 
  Import took 0.018107 seconds .

========================================================================
Received Import Request.
  Time since last request: 0.000233 seconds.
  path: Assets/Backyard - Free/Separate Tiles/backyard_15.png
  artifactKey: Guid(34b491e5a136b184ebf6540ba4726c8f) Importer(815301076,1909f56bfc062723c751e8b465ee728b)
Start importing Assets/Backyard - Free/Separate Tiles/backyard_15.png using Guid(34b491e5a136b184ebf6540ba4726c8f) Importer(815301076,1909f56bfc062723c751e8b465ee728b)  -> (artifact id: '2f6ce29d994ded32803001286380561f') in 0.014903 seconds 
  Import took 0.019522 seconds .

========================================================================
Received Import Request.
  Time since last request: 0.000209 seconds.
  path: Assets/Backyard - Free/Separate Tiles/backyard_66.png
  artifactKey: Guid(dfe6785ab150cd045aad2155d94cdc9b) Importer(815301076,1909f56bfc062723c751e8b465ee728b)
Start importing Assets/Backyard - Free/Separate Tiles/backyard_66.png using Guid(dfe6785ab150cd045aad2155d94cdc9b) Importer(815301076,1909f56bfc062723c751e8b465ee728b)  -> (artifact id: 'bed37a3bf529e6cb663be3666482dd3f') in 0.012965 seconds 
  Import took 0.017581 seconds .

========================================================================
Received Import Request.
  Time since last request: 0.000247 seconds.
  path: Assets/Backyard - Free/Separate Tiles/backyard_37.png
  artifactKey: Guid(9eabebf9a7b232141aae77db998d1d73) Importer(815301076,1909f56bfc062723c751e8b465ee728b)
Start importing Assets/Backyard - Free/Separate Tiles/backyard_37.png using Guid(9eabebf9a7b232141aae77db998d1d73) Importer(815301076,1909f56bfc062723c751e8b465ee728b)  -> (artifact id: '31469b7bbd6103805d6303c610bf144b') in 0.012828 seconds 
  Import took 0.017561 seconds .

========================================================================
Received Import Request.
  Time since last request: 0.000219 seconds.
  path: Assets/Backyard - Free/Separate Tiles/backyard_02.png
  artifactKey: Guid(2c18d1813288f694d9da137955f8ac7b) Importer(815301076,1909f56bfc062723c751e8b465ee728b)
Start importing Assets/Backyard - Free/Separate Tiles/backyard_02.png using Guid(2c18d1813288f694d9da137955f8ac7b) Importer(815301076,1909f56bfc062723c751e8b465ee728b)  -> (artifact id: '0b61b89c72205cf82da3c83585237e0d') in 0.013967 seconds 
  Import took 0.018710 seconds .

========================================================================
Received Import Request.
  Time since last request: 0.000234 seconds.
  path: Assets/Backyard - Free/Separate Tiles/backyard_26.png
  artifactKey: Guid(e9f8d282542b69741bebfa05a2002388) Importer(815301076,1909f56bfc062723c751e8b465ee728b)
Start importing Assets/Backyard - Free/Separate Tiles/backyard_26.png using Guid(e9f8d282542b69741bebfa05a2002388) Importer(815301076,1909f56bfc062723c751e8b465ee728b)  -> (artifact id: '7296e269d7e56e6a6802748978c431a1') in 0.014010 seconds 
  Import took 0.018565 seconds .

========================================================================
Received Import Request.
  Time since last request: 0.000180 seconds.
  path: Assets/Backyard - Free/Separate Tiles/backyard_07.png
  artifactKey: Guid(34efda7e0c5c3ce42a32f432b99d23f3) Importer(815301076,1909f56bfc062723c751e8b465ee728b)
Start importing Assets/Backyard - Free/Separate Tiles/backyard_07.png using Guid(34efda7e0c5c3ce42a32f432b99d23f3) Importer(815301076,1909f56bfc062723c751e8b465ee728b)  -> (artifact id: '334dfa29c27919455cae914baa47ea18') in 0.017112 seconds 
  Import took 0.021489 seconds .

========================================================================
Received Import Request.
  Time since last request: 0.000145 seconds.
  path: Assets/Backyard - Free/Separate Tiles/backyard_08.png
  artifactKey: Guid(cd4b9e5d5e4660345a592a3519575b75) Importer(815301076,1909f56bfc062723c751e8b465ee728b)
Start importing Assets/Backyard - Free/Separate Tiles/backyard_08.png using Guid(cd4b9e5d5e4660345a592a3519575b75) Importer(815301076,1909f56bfc062723c751e8b465ee728b)  -> (artifact id: 'c7c8f79f8d3b6c981e859cfeaacd8d37') in 0.013003 seconds 
  Import took 0.017699 seconds .

========================================================================
Received Import Request.
  Time since last request: 0.000213 seconds.
  path: Assets/Backyard - Free/Separate Tiles/backyard_25.png
  artifactKey: Guid(80e81e7ae0024564c94c590585ff469d) Importer(815301076,1909f56bfc062723c751e8b465ee728b)
Start importing Assets/Backyard - Free/Separate Tiles/backyard_25.png using Guid(80e81e7ae0024564c94c590585ff469d) Importer(815301076,1909f56bfc062723c751e8b465ee728b)  -> (artifact id: '1bed63237159eb1b0d277fef8d9323e0') in 0.014574 seconds 
  Import took 0.019155 seconds .

========================================================================
Received Import Request.
  Time since last request: 0.000177 seconds.
  path: Assets/Backyard - Free/Separate Tiles/backyard_57.png
  artifactKey: Guid(0275f67ff74f50b4d8d82f7244732ff6) Importer(815301076,1909f56bfc062723c751e8b465ee728b)
Start importing Assets/Backyard - Free/Separate Tiles/backyard_57.png using Guid(0275f67ff74f50b4d8d82f7244732ff6) Importer(815301076,1909f56bfc062723c751e8b465ee728b)  -> (artifact id: '30da7a726d8ee5f0bcf73828a1a8c8d4') in 0.014062 seconds 
  Import took 0.018579 seconds .

========================================================================
Received Import Request.
  Time since last request: 0.000200 seconds.
  path: Assets/Backyard - Free/Separate Tiles/backyard_59.png
  artifactKey: Guid(a4a3ff7a0ca7f4f45ade43bcf676b986) Importer(815301076,1909f56bfc062723c751e8b465ee728b)
Start importing Assets/Backyard - Free/Separate Tiles/backyard_59.png using Guid(a4a3ff7a0ca7f4f45ade43bcf676b986) Importer(815301076,1909f56bfc062723c751e8b465ee728b)  -> (artifact id: '709197264ef7cde5a7fb95f8c5b57ca8') in 0.012773 seconds 
  Import took 0.017445 seconds .

========================================================================
Received Import Request.
  Time since last request: 0.000185 seconds.
  path: Assets/Backyard - Free/Separate Tiles/backyard_14.png
  artifactKey: Guid(6baf1dd5f5bf82d48a7feeb586e70e89) Importer(815301076,1909f56bfc062723c751e8b465ee728b)
Start importing Assets/Backyard - Free/Separate Tiles/backyard_14.png using Guid(6baf1dd5f5bf82d48a7feeb586e70e89) Importer(815301076,1909f56bfc062723c751e8b465ee728b)  -> (artifact id: '716109b0bea685ada22adefcba0520d6') in 0.017289 seconds 
  Import took 0.021922 seconds .

========================================================================
Received Import Request.
  Time since last request: 0.000238 seconds.
  path: Assets/Backyard - Free/Separate Tiles/backyard_55.png
  artifactKey: Guid(a8c12b4e545d322479d8860ccdbfae56) Importer(815301076,1909f56bfc062723c751e8b465ee728b)
Start importing Assets/Backyard - Free/Separate Tiles/backyard_55.png using Guid(a8c12b4e545d322479d8860ccdbfae56) Importer(815301076,1909f56bfc062723c751e8b465ee728b)  -> (artifact id: '3a9a049da3f8f1683ee3b73a8ed437bd') in 0.015858 seconds 
  Import took 0.020384 seconds .

========================================================================
Received Import Request.
  Time since last request: 0.000253 seconds.
  path: Assets/Backyard - Free/Separate Tiles/backyard_18.png
  artifactKey: Guid(90e2a2fb7799afe42863cc856b18c9c6) Importer(815301076,1909f56bfc062723c751e8b465ee728b)
Start importing Assets/Backyard - Free/Separate Tiles/backyard_18.png using Guid(90e2a2fb7799afe42863cc856b18c9c6) Importer(815301076,1909f56bfc062723c751e8b465ee728b)  -> (artifact id: '68c584c365a3b0ca9ea6d2e6dc7936cc') in 0.015463 seconds 
  Import took 0.020156 seconds .

========================================================================
Received Import Request.
  Time since last request: 0.000233 seconds.
  path: Assets/Backyard - Free/Separate Tiles/backyard_33.png
  artifactKey: Guid(67ef83aae3a88bf488ae817e65e114d6) Importer(815301076,1909f56bfc062723c751e8b465ee728b)
Start importing Assets/Backyard - Free/Separate Tiles/backyard_33.png using Guid(67ef83aae3a88bf488ae817e65e114d6) Importer(815301076,1909f56bfc062723c751e8b465ee728b)  -> (artifact id: 'e5038d77ca2d2e304e78063649ff1784') in 0.012972 seconds 
  Import took 0.017493 seconds .

========================================================================
Received Import Request.
  Time since last request: 0.000242 seconds.
  path: Assets/Backyard - Free/Separate Tiles/backyard_27.png
  artifactKey: Guid(9820de1909d46a147b2e7eaca4cd6753) Importer(815301076,1909f56bfc062723c751e8b465ee728b)
Start importing Assets/Backyard - Free/Separate Tiles/backyard_27.png using Guid(9820de1909d46a147b2e7eaca4cd6753) Importer(815301076,1909f56bfc062723c751e8b465ee728b)  -> (artifact id: 'cacc665a1528d0e13a9f2c3868277baa') in 0.012841 seconds 
  Import took 0.017507 seconds .

========================================================================
Received Import Request.
  Time since last request: 0.000226 seconds.
  path: Assets/Backyard - Free/Separate Tiles/backyard_30.png
  artifactKey: Guid(672693817c97ec148834d2eee80677ce) Importer(815301076,1909f56bfc062723c751e8b465ee728b)
Start importing Assets/Backyard - Free/Separate Tiles/backyard_30.png using Guid(672693817c97ec148834d2eee80677ce) Importer(815301076,1909f56bfc062723c751e8b465ee728b)  -> (artifact id: '9377a402cda22fa9f37b1201e3df1be3') in 0.012801 seconds 
  Import took 0.025579 seconds .

========================================================================
Received Import Request.
  Time since last request: 0.000175 seconds.
  path: Assets/Backyard - Free/Separate Tiles/backyard_68.png
  artifactKey: Guid(9ef1cbe36fb9b7c4ba55f572a4d1ac59) Importer(815301076,1909f56bfc062723c751e8b465ee728b)
Start importing Assets/Backyard - Free/Separate Tiles/backyard_68.png using Guid(9ef1cbe36fb9b7c4ba55f572a4d1ac59) Importer(815301076,1909f56bfc062723c751e8b465ee728b)  -> (artifact id: '0dddb5ec0f9f0145867fdeb0c997d727') in 0.013275 seconds 
  Import took 0.018806 seconds .

========================================================================
Received Import Request.
  Time since last request: 0.000214 seconds.
  path: Assets/Backyard - Free/Separate Tiles/backyard_04.png
  artifactKey: Guid(af91ea933b5621c4096f217ecfed268b) Importer(815301076,1909f56bfc062723c751e8b465ee728b)
Start importing Assets/Backyard - Free/Separate Tiles/backyard_04.png using Guid(af91ea933b5621c4096f217ecfed268b) Importer(815301076,1909f56bfc062723c751e8b465ee728b)  -> (artifact id: 'a0651b3b57b70756551b8b3f016651d4') in 0.013835 seconds 
  Import took 0.018912 seconds .

========================================================================
Received Import Request.
  Time since last request: 0.000181 seconds.
  path: Assets/Backyard - Free/Separate Tiles/backyard_44.png
  artifactKey: Guid(ca06cd90188934c4fbeb0b34419822b5) Importer(815301076,1909f56bfc062723c751e8b465ee728b)
Start importing Assets/Backyard - Free/Separate Tiles/backyard_44.png using Guid(ca06cd90188934c4fbeb0b34419822b5) Importer(815301076,1909f56bfc062723c751e8b465ee728b)  -> (artifact id: '575af8fafdfdb5d7e177e48f0ad5f757') in 0.014586 seconds 
  Import took 0.019321 seconds .

========================================================================
Received Import Request.
  Time since last request: 0.000206 seconds.
  path: Assets/Backyard - Free/Separate Tiles/backyard_76.png
  artifactKey: Guid(47664fd621bff4940b33b4b6176c3f33) Importer(815301076,1909f56bfc062723c751e8b465ee728b)
Start importing Assets/Backyard - Free/Separate Tiles/backyard_76.png using Guid(47664fd621bff4940b33b4b6176c3f33) Importer(815301076,1909f56bfc062723c751e8b465ee728b)  -> (artifact id: 'fff588a43309fffb5e13f0e884cad3d7') in 0.013000 seconds 
  Import took 0.017650 seconds .

========================================================================
Received Import Request.
  Time since last request: 0.000175 seconds.
  path: Assets/Backyard - Free/Separate Tiles/backyard_40.png
  artifactKey: Guid(7f32256e6c318bb4d9e99238e581f360) Importer(815301076,1909f56bfc062723c751e8b465ee728b)
Start importing Assets/Backyard - Free/Separate Tiles/backyard_40.png using Guid(7f32256e6c318bb4d9e99238e581f360) Importer(815301076,1909f56bfc062723c751e8b465ee728b)  -> (artifact id: '6a31f3cc8748f1ce1286896d8317954c') in 0.012543 seconds 
  Import took 0.017148 seconds .

========================================================================
Received Import Request.
  Time since last request: 0.000193 seconds.
  path: Assets/Backyard - Free/Separate Tiles/backyard_42.png
  artifactKey: Guid(d74db131d4759364bb1798ca172068ef) Importer(815301076,1909f56bfc062723c751e8b465ee728b)
Start importing Assets/Backyard - Free/Separate Tiles/backyard_42.png using Guid(d74db131d4759364bb1798ca172068ef) Importer(815301076,1909f56bfc062723c751e8b465ee728b)  -> (artifact id: 'b86340c4e06ac456b02f4d532a45c792') in 0.014226 seconds 
  Import took 0.018746 seconds .

========================================================================
Received Import Request.
  Time since last request: 0.000190 seconds.
  path: Assets/Backyard - Free/Separate Tiles/backyard_77.png
  artifactKey: Guid(8289b592a8162164aa2e1fcccee76700) Importer(815301076,1909f56bfc062723c751e8b465ee728b)
Start importing Assets/Backyard - Free/Separate Tiles/backyard_77.png using Guid(8289b592a8162164aa2e1fcccee76700) Importer(815301076,1909f56bfc062723c751e8b465ee728b)  -> (artifact id: 'f9d805a8eb873cd8e21b5ac275d1b2ed') in 0.013539 seconds 
  Import took 0.018175 seconds .

========================================================================
Received Import Request.
  Time since last request: 0.000172 seconds.
  path: Assets/Backyard - Free/Separate Tiles/backyard_31.png
  artifactKey: Guid(20999c9878feaba45ad8d06e49e30af4) Importer(815301076,1909f56bfc062723c751e8b465ee728b)
Start importing Assets/Backyard - Free/Separate Tiles/backyard_31.png using Guid(20999c9878feaba45ad8d06e49e30af4) Importer(815301076,1909f56bfc062723c751e8b465ee728b)  -> (artifact id: '32491e4175149fd6b81695c8b96ef56b') in 0.014323 seconds 
  Import took 0.019044 seconds .

========================================================================
Received Import Request.
  Time since last request: 0.000186 seconds.
  path: Assets/Backyard - Free/Separate Tiles/backyard_21.png
  artifactKey: Guid(f1ac63a9f734a9b478a0a8b4c07e39e5) Importer(815301076,1909f56bfc062723c751e8b465ee728b)
Start importing Assets/Backyard - Free/Separate Tiles/backyard_21.png using Guid(f1ac63a9f734a9b478a0a8b4c07e39e5) Importer(815301076,1909f56bfc062723c751e8b465ee728b)  -> (artifact id: '8d9a35904951c77665c558b77d66ae89') in 0.014271 seconds 
  Import took 0.018942 seconds .

========================================================================
Received Import Request.
  Time since last request: 0.000185 seconds.
  path: Assets/Backyard - Free/Separate Tiles/backyard_50.png
  artifactKey: Guid(bc2e3d80eb9fefe4ba3e101f7d1bd66c) Importer(815301076,1909f56bfc062723c751e8b465ee728b)
Start importing Assets/Backyard - Free/Separate Tiles/backyard_50.png using Guid(bc2e3d80eb9fefe4ba3e101f7d1bd66c) Importer(815301076,1909f56bfc062723c751e8b465ee728b)  -> (artifact id: '06c9aa5b890c12396b2241be1fbbfa7f') in 0.013642 seconds 
  Import took 0.018176 seconds .

========================================================================
Received Import Request.
  Time since last request: 0.000192 seconds.
  path: Assets/Backyard - Free/Separate Tiles/backyard_58.png
  artifactKey: Guid(82ce83036d4857d4399350c3e19e3dc8) Importer(815301076,1909f56bfc062723c751e8b465ee728b)
Start importing Assets/Backyard - Free/Separate Tiles/backyard_58.png using Guid(82ce83036d4857d4399350c3e19e3dc8) Importer(815301076,1909f56bfc062723c751e8b465ee728b)  -> (artifact id: '2154c087b36caaeb240d1cf567bdc514') in 0.012287 seconds 
  Import took 0.016852 seconds .

========================================================================
Received Import Request.
  Time since last request: 0.000164 seconds.
  path: Assets/Backyard - Free/Separate Tiles/backyard_39.png
  artifactKey: Guid(6440b8b2eaed20249a0f7e7c45f910ca) Importer(815301076,1909f56bfc062723c751e8b465ee728b)
Start importing Assets/Backyard - Free/Separate Tiles/backyard_39.png using Guid(6440b8b2eaed20249a0f7e7c45f910ca) Importer(815301076,1909f56bfc062723c751e8b465ee728b)  -> (artifact id: '79980ff0cf314ce6061692beb2929b49') in 0.013453 seconds 
  Import took 0.018044 seconds .

========================================================================
Received Import Request.
  Time since last request: 0.000210 seconds.
  path: Assets/Backyard - Free/Separate Tiles/backyard_17.png
  artifactKey: Guid(2cb5b3997015e3448be0b1e6c527e44d) Importer(815301076,1909f56bfc062723c751e8b465ee728b)
Start importing Assets/Backyard - Free/Separate Tiles/backyard_17.png using Guid(2cb5b3997015e3448be0b1e6c527e44d) Importer(815301076,1909f56bfc062723c751e8b465ee728b)  -> (artifact id: '20c5a1d611c57642230b3f5344286154') in 0.013784 seconds 
  Import took 0.018287 seconds .

========================================================================
Received Import Request.
  Time since last request: 0.000188 seconds.
  path: Assets/Backyard - Free/Separate Tiles/backyard_23.png
  artifactKey: Guid(0ed29ad20079cf04aa2ee03495b4cd48) Importer(815301076,1909f56bfc062723c751e8b465ee728b)
Start importing Assets/Backyard - Free/Separate Tiles/backyard_23.png using Guid(0ed29ad20079cf04aa2ee03495b4cd48) Importer(815301076,1909f56bfc062723c751e8b465ee728b)  -> (artifact id: '7bcc268678e9ab4369ca2a5d5b59319f') in 0.013703 seconds 
  Import took 0.018103 seconds .

========================================================================
Received Import Request.
  Time since last request: 0.359200 seconds.
  path: Assets/Backyard - Free/Separate Tiles/backyard_81.png
  artifactKey: Guid(710fe9f06962c934f95a6b2261b4944c) Importer(815301076,1909f56bfc062723c751e8b465ee728b)
Start importing Assets/Backyard - Free/Separate Tiles/backyard_81.png using Guid(710fe9f06962c934f95a6b2261b4944c) Importer(815301076,1909f56bfc062723c751e8b465ee728b)  -> (artifact id: '7985278f66cc73370a61d995be047549') in 0.012482 seconds 
  Import took 0.017410 seconds .

========================================================================
Received Import Request.
  Time since last request: 0.000266 seconds.
  path: Assets/Backyard - Free/Separate Tiles/backyard_86.png
  artifactKey: Guid(1cdb1cb2052a68243bef8ea022f8ac35) Importer(815301076,1909f56bfc062723c751e8b465ee728b)
Start importing Assets/Backyard - Free/Separate Tiles/backyard_86.png using Guid(1cdb1cb2052a68243bef8ea022f8ac35) Importer(815301076,1909f56bfc062723c751e8b465ee728b)  -> (artifact id: 'e3d543f0a1759e24edf87c5bf5a667c0') in 0.012790 seconds 
  Import took 0.017997 seconds .

========================================================================
Received Import Request.
  Time since last request: 0.000281 seconds.
  path: Assets/Backyard - Free/Separate Tiles/backyard_87.png
  artifactKey: Guid(527bcc792a998d243bab159bf7985ae8) Importer(815301076,1909f56bfc062723c751e8b465ee728b)
Start importing Assets/Backyard - Free/Separate Tiles/backyard_87.png using Guid(527bcc792a998d243bab159bf7985ae8) Importer(815301076,1909f56bfc062723c751e8b465ee728b)  -> (artifact id: '118902e7b07d96a7f2513e5ddd1cd9ca') in 0.013245 seconds 
  Import took 0.017813 seconds .

========================================================================
Received Import Request.
  Time since last request: 0.000253 seconds.
  path: Assets/Backyard - Free/Separate Tiles/backyard_89.png
  artifactKey: Guid(e4f5b4cb5a11d49449e7ca80969aed85) Importer(815301076,1909f56bfc062723c751e8b465ee728b)
Start importing Assets/Backyard - Free/Separate Tiles/backyard_89.png using Guid(e4f5b4cb5a11d49449e7ca80969aed85) Importer(815301076,1909f56bfc062723c751e8b465ee728b)  -> (artifact id: '6b76224768c82f75b38686f54f011488') in 0.012669 seconds 
  Import took 0.017005 seconds .

========================================================================
Received Import Request.
  Time since last request: 0.000261 seconds.
  path: Assets/Backyard - Free/Separate Tiles/backyard_81.png
  artifactKey: Guid(710fe9f06962c934f95a6b2261b4944c) Importer(815301076,1909f56bfc062723c751e8b465ee728b)
Start importing Assets/Backyard - Free/Separate Tiles/backyard_81.png using Guid(710fe9f06962c934f95a6b2261b4944c) Importer(815301076,1909f56bfc062723c751e8b465ee728b)  -> (artifact id: '7985278f66cc73370a61d995be047549') in 0.009659 seconds 
  Import took 0.014424 seconds .

========================================================================
Received Import Request.
  Time since last request: 0.000195 seconds.
  path: Assets/Backyard - Free/Separate Tiles/backyard_82.png
  artifactKey: Guid(b7f413274354389469cd9c3b39f0d401) Importer(815301076,1909f56bfc062723c751e8b465ee728b)
Start importing Assets/Backyard - Free/Separate Tiles/backyard_82.png using Guid(b7f413274354389469cd9c3b39f0d401) Importer(815301076,1909f56bfc062723c751e8b465ee728b)  -> (artifact id: '265f134714ed0f94322b6cd0023d12e3') in 0.012901 seconds 
  Import took 0.017333 seconds .

========================================================================
Received Import Request.
  Time since last request: 0.000258 seconds.
  path: Assets/Backyard - Free/Separate Tiles/backyard_84.png
  artifactKey: Guid(0cf005c00ba921b4481b1ac2778dd184) Importer(815301076,1909f56bfc062723c751e8b465ee728b)
Start importing Assets/Backyard - Free/Separate Tiles/backyard_84.png using Guid(0cf005c00ba921b4481b1ac2778dd184) Importer(815301076,1909f56bfc062723c751e8b465ee728b)  -> (artifact id: '100b7ef4003e69a8a404e7f33eced700') in 0.012717 seconds 
  Import took 0.017236 seconds .

========================================================================
Received Import Request.
  Time since last request: 0.000247 seconds.
  path: Assets/Backyard - Free/Separate Tiles/backyard_85.png
  artifactKey: Guid(e42a29bfc90633e45b6191ed90a4812e) Importer(815301076,1909f56bfc062723c751e8b465ee728b)
Start importing Assets/Backyard - Free/Separate Tiles/backyard_85.png using Guid(e42a29bfc90633e45b6191ed90a4812e) Importer(815301076,1909f56bfc062723c751e8b465ee728b)  -> (artifact id: 'be990301240911e2629f3f5488558064') in 0.012489 seconds 
  Import took 0.016811 seconds .

========================================================================
Received Import Request.
  Time since last request: 0.000236 seconds.
  path: Assets/Backyard - Free/Separate Tiles/backyard_88.png
  artifactKey: Guid(4385a494ddd086c468943b352deb1554) Importer(815301076,1909f56bfc062723c751e8b465ee728b)
Start importing Assets/Backyard - Free/Separate Tiles/backyard_88.png using Guid(4385a494ddd086c468943b352deb1554) Importer(815301076,1909f56bfc062723c751e8b465ee728b)  -> (artifact id: '7e69131b7a6099bef991c241209d1b93') in 0.012662 seconds 
  Import took 0.017194 seconds .

========================================================================
Received Import Request.
  Time since last request: 0.000196 seconds.
  path: Assets/Backyard - Free/Separate Tiles/backyard_83.png
  artifactKey: Guid(6efb0da6bb3739a449a673e493f97d3f) Importer(815301076,1909f56bfc062723c751e8b465ee728b)
Start importing Assets/Backyard - Free/Separate Tiles/backyard_83.png using Guid(6efb0da6bb3739a449a673e493f97d3f) Importer(815301076,1909f56bfc062723c751e8b465ee728b)  -> (artifact id: '0426053c4b16f5dd7cfc250d1a4d68cb') in 0.017733 seconds 
  Import took 0.022118 seconds .

========================================================================
Received Import Request.
  Time since last request: 188.392738 seconds.
  path: Assets/Backyard - Free/Separate Tiles/backyard_72.asset
  artifactKey: Guid(60c9b22a07b1fc143b4aa392cfb5cb0e) Importer(815301076,1909f56bfc062723c751e8b465ee728b)
Start importing Assets/Backyard - Free/Separate Tiles/backyard_72.asset using Guid(60c9b22a07b1fc143b4aa392cfb5cb0e) Importer(815301076,1909f56bfc062723c751e8b465ee728b)  -> (artifact id: '2a39aaf1aea00d770b67e61a8c080c45') in 0.015457 seconds 
  Import took 0.020103 seconds .

========================================================================
Received Import Request.
  Time since last request: 93.124787 seconds.
  path: Assets/Backyard - Free/Separate Tiles/backyard_42.asset
  artifactKey: Guid(6957c03d7c783f347bcc9ec80c68f5f1) Importer(815301076,1909f56bfc062723c751e8b465ee728b)
Start importing Assets/Backyard - Free/Separate Tiles/backyard_42.asset using Guid(6957c03d7c783f347bcc9ec80c68f5f1) Importer(815301076,1909f56bfc062723c751e8b465ee728b)  -> (artifact id: '02b42e494eed3ca52976c9ac80e66669') in 0.008307 seconds 
  Import took 0.012973 seconds .

========================================================================
Received Import Request.
  Time since last request: 78.277699 seconds.
  path: Assets/Backyard - Free/Separate Tiles/backyard_40.asset
  artifactKey: Guid(bc211b0a64a51f744a406814cfb3d776) Importer(815301076,1909f56bfc062723c751e8b465ee728b)
Start importing Assets/Backyard - Free/Separate Tiles/backyard_40.asset using Guid(bc211b0a64a51f744a406814cfb3d776) Importer(815301076,1909f56bfc062723c751e8b465ee728b)  -> (artifact id: 'ec81da62d0b5aa48f32b07ade214eb6c') in 0.008862 seconds 
  Import took 0.013581 seconds .

========================================================================
Received Import Request.
  Time since last request: 110.118641 seconds.
  path: Assets/Backyard - Free/Separate Tiles/backyard_39.asset
  artifactKey: Guid(fa09720305f630248b46646c72894268) Importer(815301076,1909f56bfc062723c751e8b465ee728b)
Start importing Assets/Backyard - Free/Separate Tiles/backyard_39.asset using Guid(fa09720305f630248b46646c72894268) Importer(815301076,1909f56bfc062723c751e8b465ee728b)  -> (artifact id: '2ff7b68c631b47f3332d3babe417a47a') in 0.013186 seconds 
  Import took 0.017916 seconds .

AssetImportWorkerClient::OnTransportError - code=2 error=End of file
